<?xml version="1.0" encoding="UTF-8"?>
<!-- Generated by org.testng.reporters.JUnitXMLReporter -->
<testsuite hostname="Gopinaths-MacBook-Pro.local" ignored="0" name="Test" tests="4" failures="0" timestamp="30 Sep 2018 06:18:07 GMT" time="71.416" errors="0">
  <testcase name="ValidLoginTest_ValidUserNameValidPassword" time="26.629" classname="Radi_Assignment_TestCase.SuccessLogin"/>
  <testcase name="EmptyPasswordField_ValidUsername" time="11.247" classname="Radi_Assignment_TestCase.EmptyPassword"/>
  <testcase name="InvalidTextUsernameField" time="15.599" classname="Radi_Assignment_TestCase.InvalidUserName"/>
  <testcase name="EmptyField" time="10.633" classname="Radi_Assignment_TestCase.EmptyUsernamePassword"/>
</testsuite> <!-- Test -->
